2023.09.22 10:07:17 INFO  Started: Metals version 1.0.1 in folders 'C:\Users\guiid\Documents\GitHub\Pesquisa_Operacional' for client Visual Studio Code 1.82.2.
Sep 22, 2023 10:07:17 AM org.flywaydb.core.internal.license.VersionPrinter printVersionOnly
INFO: Flyway Community Edition 9.21.2 by Redgate
Sep 22, 2023 10:07:17 AM org.flywaydb.core.internal.license.VersionPrinter printVersion
INFO: See release notes here: https://rd.gt/416ObMi
Sep 22, 2023 10:07:17 AM org.flywaydb.core.internal.license.VersionPrinter printVersion
INFO: 
Sep 22, 2023 10:07:18 AM org.flywaydb.core.FlywayExecutor execute
INFO: Database: jdbc:h2:file:C:\Users\guiid\Documents\GitHub\Pesquisa_Operacional\.metals\metals (H2 2.1)
Sep 22, 2023 10:07:18 AM org.flywaydb.core.internal.schemahistory.JdbcTableSchemaHistory allAppliedMigrations
INFO: Schema history table "PUBLIC"."flyway_schema_history" does not exist yet
Sep 22, 2023 10:07:18 AM org.flywaydb.core.internal.command.DbValidate validate
INFO: Successfully validated 4 migrations (execution time 00:00.025s)
Sep 22, 2023 10:07:18 AM org.flywaydb.core.internal.schemahistory.JdbcTableSchemaHistory create
INFO: Creating Schema History table "PUBLIC"."flyway_schema_history" ...
Sep 22, 2023 10:07:18 AM org.flywaydb.core.internal.command.DbMigrate migrateGroup
INFO: Current version of schema "PUBLIC": << Empty Schema >>
Sep 22, 2023 10:07:18 AM org.flywaydb.core.internal.command.DbMigrate doMigrateGroup
INFO: Migrating schema "PUBLIC" to version "1 - Create tables"
Sep 22, 2023 10:07:18 AM org.flywaydb.core.internal.command.DbMigrate doMigrateGroup
INFO: Migrating schema "PUBLIC" to version "2 - Server discovery"
Sep 22, 2023 10:07:18 AM org.flywaydb.core.internal.command.DbMigrate doMigrateGroup
INFO: Migrating schema "PUBLIC" to version "3 - Jar symbols"
Sep 22, 2023 10:07:18 AM org.flywaydb.core.internal.command.DbMigrate doMigrateGroup
INFO: Migrating schema "PUBLIC" to version "4 - Fingerprints"
Sep 22, 2023 10:07:18 AM org.flywaydb.core.internal.command.DbMigrate logSummary
INFO: Successfully applied 4 migrations to schema "PUBLIC", now at version v4 (execution time 00:00.023s)
2023.09.22 10:07:18 INFO  time: initialize in 1.09s
2023.09.22 10:07:18 WARN  Build server is not auto-connectable.
2023.09.22 10:07:18 WARN  no build tool detected in workspace 'C:\Users\guiid\Documents\GitHub\Pesquisa_Operacional'. The most common cause for this problem is that the editor was opened in the wrong working directory, for example if you use sbt then the workspace directory should contain build.sbt. 
2023.09.22 10:07:19 WARN  no build target for: C:\Users\guiid\Documents\GitHub\PLF\Aulas\lista.scala
2023.09.22 10:07:25 INFO  no build target found for C:\Users\guiid\Documents\GitHub\PLF\Aulas\lista.scala. Using presentation compiler with project's scala-library version: 3.3.0
Sep 22, 2023 12:04:57 PM org.eclipse.lsp4j.jsonrpc.services.GenericEndpoint notify
INFO: Unsupported notification method: $/setTrace
